e:\01_robotsea\01_pro\01_selfplugins\opencvsharkitem\x64\release\moc_opencvsharkitem.obj
e:\01_robotsea\01_pro\01_selfplugins\opencvsharkitem\x64\release\moc_opencvsharkitem_plugin.obj
e:\01_robotsea\01_pro\01_selfplugins\opencvsharkitem\x64\release\moc_camerathread.obj
e:\01_robotsea\01_pro\01_selfplugins\opencvsharkitem\x64\release\opencvsharkitem_plugin.obj
e:\01_robotsea\01_pro\01_selfplugins\opencvsharkitem\x64\release\opencvsharkitem.obj
e:\01_robotsea\01_pro\01_selfplugins\opencvsharkitem\x64\release\camerathread.obj
e:\01_robotsea\01_pro\01_selfplugins\opencvsharkitem\release\moc_opencvsharkitem.cpp
e:\01_robotsea\01_pro\01_selfplugins\opencvsharkitem\release\moc_opencvsharkitem_plugin.cpp
e:\01_robotsea\01_pro\01_selfplugins\opencvsharkitem\release\moc_predefs.h
e:\01_robotsea\01_pro\01_selfplugins\opencvsharkitem\release\moc_camerathread.cpp
e:\01_robotsea\01_pro\01_selfplugins\opencvsharkitem\release\opencvsharkitem.dll
e:\01_robotsea\01_pro\01_selfplugins\opencvsharkitem\release\opencvsharkitem.lib
e:\01_robotsea\01_pro\01_selfplugins\opencvsharkitem\release\opencvsharkitem.exp
e:\01_robotsea\01_pro\01_selfplugins\opencvsharkitem\x64\release\opencvsharkitem.tlog\cl.command.1.tlog
e:\01_robotsea\01_pro\01_selfplugins\opencvsharkitem\x64\release\opencvsharkitem.tlog\cl.read.1.tlog
e:\01_robotsea\01_pro\01_selfplugins\opencvsharkitem\x64\release\opencvsharkitem.tlog\cl.write.1.tlog
e:\01_robotsea\01_pro\01_selfplugins\opencvsharkitem\x64\release\opencvsharkitem.tlog\custombuild.command.1.tlog
e:\01_robotsea\01_pro\01_selfplugins\opencvsharkitem\x64\release\opencvsharkitem.tlog\custombuild.read.1.tlog
e:\01_robotsea\01_pro\01_selfplugins\opencvsharkitem\x64\release\opencvsharkitem.tlog\custombuild.write.1.tlog
e:\01_robotsea\01_pro\01_selfplugins\opencvsharkitem\x64\release\opencvsharkitem.tlog\link.command.1.tlog
e:\01_robotsea\01_pro\01_selfplugins\opencvsharkitem\x64\release\opencvsharkitem.tlog\link.read.1.tlog
e:\01_robotsea\01_pro\01_selfplugins\opencvsharkitem\x64\release\opencvsharkitem.tlog\link.write.1.tlog
e:\01_robotsea\01_pro\01_selfplugins\opencvsharkitem\x64\release\opencvsharkitem.tlog\opencvsharkitem.write.1u.tlog
