e:\01_robotsea\01_pro\01_selfplugins\opencvsharkitem\x64\debug\vc140.pdb
e:\01_robotsea\01_pro\01_selfplugins\opencvsharkitem\x64\debug\opencvsharkitem_plugin.obj
e:\01_robotsea\01_pro\01_selfplugins\opencvsharkitem\x64\debug\opencvsharkitem.obj
e:\01_robotsea\01_pro\01_selfplugins\opencvsharkitem\x64\debug\moc_opencvsharkitem_plugin.obj
e:\01_robotsea\01_pro\01_selfplugins\opencvsharkitem\x64\debug\moc_opencvsharkitem.obj
e:\01_robotsea\01_pro\01_selfplugins\opencvsharkitem\x64\debug\moc_camerathread.obj
e:\01_robotsea\01_pro\01_selfplugins\opencvsharkitem\x64\debug\camerathread.obj
e:\01_robotsea\01_pro\01_selfplugins\opencvsharkitem\debug\moc_opencvsharkitem.cpp
e:\01_robotsea\01_pro\01_selfplugins\opencvsharkitem\debug\moc_opencvsharkitem_plugin.cpp
e:\01_robotsea\01_pro\01_selfplugins\opencvsharkitem\debug\moc_predefs.h
e:\01_robotsea\01_pro\01_selfplugins\opencvsharkitem\debug\moc_camerathread.cpp
e:\01_robotsea\01_pro\01_selfplugins\opencvsharkitem\debug\opencvsharkitemd.ilk
e:\01_robotsea\01_pro\01_selfplugins\opencvsharkitem\debug\opencvsharkitemd.dll
e:\01_robotsea\01_pro\01_selfplugins\opencvsharkitem\debug\opencvsharkitemd.pdb
e:\01_robotsea\01_pro\01_selfplugins\opencvsharkitem\debug\opencvsharkitemd.lib
e:\01_robotsea\01_pro\01_selfplugins\opencvsharkitem\debug\opencvsharkitemd.exp
e:\01_robotsea\01_pro\01_selfplugins\opencvsharkitem\x64\debug\opencvsharkitem.tlog\cl.command.1.tlog
e:\01_robotsea\01_pro\01_selfplugins\opencvsharkitem\x64\debug\opencvsharkitem.tlog\cl.read.1.tlog
e:\01_robotsea\01_pro\01_selfplugins\opencvsharkitem\x64\debug\opencvsharkitem.tlog\cl.write.1.tlog
e:\01_robotsea\01_pro\01_selfplugins\opencvsharkitem\x64\debug\opencvsharkitem.tlog\custombuild.command.1.tlog
e:\01_robotsea\01_pro\01_selfplugins\opencvsharkitem\x64\debug\opencvsharkitem.tlog\custombuild.read.1.tlog
e:\01_robotsea\01_pro\01_selfplugins\opencvsharkitem\x64\debug\opencvsharkitem.tlog\custombuild.write.1.tlog
e:\01_robotsea\01_pro\01_selfplugins\opencvsharkitem\x64\debug\opencvsharkitem.tlog\link.command.1.tlog
e:\01_robotsea\01_pro\01_selfplugins\opencvsharkitem\x64\debug\opencvsharkitem.tlog\link.read.1.tlog
e:\01_robotsea\01_pro\01_selfplugins\opencvsharkitem\x64\debug\opencvsharkitem.tlog\link.write.1.tlog
e:\01_robotsea\01_pro\01_selfplugins\opencvsharkitem\x64\debug\opencvsharkitem.tlog\opencvsharkitem.write.1u.tlog
